{"logTime": "0331/133231", "correlationVector":"4SgtIt+vu7hnx2HTeObgjq.1","action":"SyncServerConnectionManagerRequest", "result":"SYNC_SERVER_OK", "context":{"environment":"Prod_southindia_prod-s01-004-apac-southindia", "migrationStage":"NotStarted", "server":"akswtt011000018"}}
{"logTime": "0331/133231", "correlationVector":"4SgtIt+vu7hnx2HTeObgjq.2","action":"ProcessGetUpdates", "result":"Done", "context":{"dataType":"Encryption Keys", "deleted":"0", "process_failed_to_decrypt":"0", "process_pending_decryption":"0", "process_success":"1", "total":"1"}}
{"logTime": "0331/133233", "correlationVector":"DQvJ1sCEb/AAzJfPwsarn/","action":"SyncServerConnectionManagerRequest", "result":"SYNC_SERVER_OK", "context":{"environment":"", "migrationStage":"", "server":""}}
{"logTime": "0331/133233", "correlationVector":"DQvJ1sCEb/AAzJfPwsarn/.0","action":"EncryptionKeysFetcher.DownloadKeys:", "result":"Success", "context":Key count: 5, Last key timestamp: 2024-11-19T13:02:52Z}
{"logTime": "0331/133233", "correlationVector":"DQvJ1sCEb/AAzJfPwsarn/.1","action":"EncryptionKeysManager::SetEncryptionKeys:", "result":"Success", "context":Key names[5]:[IOgIgwyLRcgJWkVcCWVBBReIv6PGm9Vtju5UxolMND3OglkLJYlEeXuE1VdYnwQUQiJazaemy+ypvzS5H6ziPA==][lMI1izc1gPMbFttqR48UO16rhdP9qiTlwjeeXu17EOhaJkHXHieLjM+k7nn6ZNrqSZxm4D3rf6ySAMX+fxGMww==][UZ6NG6v4/whRpqHAm68d21Aoyy+DnrT+s2C+JHs2XCRrugaAbBR23I3eWPz+dw+mLrZdRa9z9QWhZMVlchZQ+w==][2Dem6ncFHKelm23xQ6qDEErbhYMUjHJhFIrCggf1qea7WVHoN75zgHxZlwDJWlky+kmRbZfI2WAbMLhSAuAFjQ==][xsQ787NCNrdc/hmDfNs268/HgfyOtQOgdhxon5BdkPdtMh3VSpmV3ea2CJp5ynNviSuyDKL92LmgNsNNIAYgOA==]}
{"logTime": "0331/133233", "correlationVector":"DQvJ1sCEb/AAzJfPwsarn/.2","action":"EncryptionKeysManager::SetEncryptionKeysWithTimestamps:", "result":"Success", "context":Key timestamps[5]:[2020-12-23T03:42:12Z][2023-05-27T14:30:12Z][2023-11-24T23:25:29Z][2024-05-23T07:36:38Z][2024-11-19T13:02:52Z]}
{"logTime": "0331/133233", "correlationVector":"4SgtIt+vu7hnx2HTeObgjq","action":"Initial GetUpdates", "result":"", "context":Reason: NEW_CLIENT. cV=4SgtIt+vu7hnx2HTeObgjq}
{"logTime": "0331/133233", "correlationVector":"4SgtIt+vu7hnx2HTeObgjq.3","action":"GetUpdates Response", "result":"Success", "context":Received 1 update(s). cV=4SgtIt+vu7hnx2HTeObgjq.0;server=akswtt011000018;cloudType=Consumer;environment=Prod_southindia_prod-s01-004-apac-southindia;migrationStage=NotStarted}
{"logTime": "0331/133234", "correlationVector":"uWMDofU2lhBzUN6JFv9MxG","action":"Initial GetUpdates", "result":"", "context":Reason: NEWLY_SUPPORTED_DATATYPE. cV=uWMDofU2lhBzUN6JFv9MxG}
{"logTime": "0331/133235", "correlationVector":"uWMDofU2lhBzUN6JFv9MxG.1","action":"SyncServerConnectionManagerRequest", "result":"SYNC_SERVER_OK", "context":{"environment":"Prod_southindia_prod-s01-004-apac-southindia", "migrationStage":"NotStarted", "server":"akswtt01100001r"}}
{"logTime": "0331/133235", "correlationVector":"uWMDofU2lhBzUN6JFv9MxG.2","action":"ProcessGetUpdates", "result":"Done", "context":{"dataType":"Preferences", "deleted":"0", "process_failed_to_decrypt":"0", "process_pending_decryption":"0", "process_success":"88", "total":"88"}}
{"logTime": "0331/133235", "correlationVector":"uWMDofU2lhBzUN6JFv9MxG.3","action":"ProcessGetUpdates", "result":"Done", "context":{"dataType":"Passwords", "deleted":"0", "process_failed_to_decrypt":"0", "process_pending_decryption":"0", "process_success":"24", "total":"24"}}
{"logTime": "0331/133235", "correlationVector":"uWMDofU2lhBzUN6JFv9MxG.4","action":"ProcessGetUpdates", "result":"Done", "context":{"dataType":"Device Info", "deleted":"0", "process_failed_to_decrypt":"0", "process_pending_decryption":"0", "process_success":"3", "total":"3"}}
{"logTime": "0331/133235", "correlationVector":"uWMDofU2lhBzUN6JFv9MxG.5","action":"GetUpdates Response", "result":"Success", "context":Received 115 update(s). cV=uWMDofU2lhBzUN6JFv9MxG.0;server=akswtt01100001r;cloudType=Consumer;environment=Prod_southindia_prod-s01-004-apac-southindia;migrationStage=NotStarted}
{"logTime": "0331/133236", "correlationVector":"K0yzYjY9yemYr2goBEJ9Rc","action":"Initial GetUpdates", "result":"", "context":Reason: NEWLY_SUPPORTED_DATATYPE. cV=K0yzYjY9yemYr2goBEJ9Rc}
{"logTime": "0331/133236", "correlationVector":"K0yzYjY9yemYr2goBEJ9Rc.1","action":"SyncServerConnectionManagerRequest", "result":"SYNC_SERVER_OK", "context":{"environment":"Prod_southindia_prod-s01-004-apac-southindia", "migrationStage":"NotStarted", "server":"akswtt01100001h"}}
{"logTime": "0331/133236", "correlationVector":"K0yzYjY9yemYr2goBEJ9Rc.2","action":"ProcessGetUpdates", "result":"Done", "context":{"dataType":"Bookmarks", "deleted":"0", "process_failed_to_decrypt":"0", "process_pending_decryption":"0", "process_success":"35", "total":"35"}}
{"logTime": "0331/133236", "correlationVector":"K0yzYjY9yemYr2goBEJ9Rc.3","action":"GetUpdates Response", "result":"Success", "context":Received 35 update(s). cV=K0yzYjY9yemYr2goBEJ9Rc.0;server=akswtt01100001h;cloudType=Consumer;environment=Prod_southindia_prod-s01-004-apac-southindia;migrationStage=NotStarted}
{"logTime": "0331/133236", "correlationVector":"tIFSGj4NR+E+REDy/m1SA3","action":"Initial GetUpdates", "result":"", "context":Reason: NEWLY_SUPPORTED_DATATYPE. cV=tIFSGj4NR+E+REDy/m1SA3}
{"logTime": "0331/133237", "correlationVector":"tIFSGj4NR+E+REDy/m1SA3.1","action":"SyncServerConnectionManagerRequest", "result":"SYNC_SERVER_OK", "context":{"environment":"Prod_southindia_prod-s01-004-apac-southindia", "migrationStage":"NotStarted", "server":"akswtt01100001x"}}
{"logTime": "0331/133237", "correlationVector":"tIFSGj4NR+E+REDy/m1SA3.2","action":"ProcessGetUpdates", "result":"Done", "context":{"dataType":"Autofill Profiles", "deleted":"0", "process_failed_to_decrypt":"0", "process_pending_decryption":"0", "process_success":"6", "total":"6"}}
{"logTime": "0331/133237", "correlationVector":"tIFSGj4NR+E+REDy/m1SA3.3","action":"ProcessGetUpdates", "result":"Done", "context":{"dataType":"Autofill", "deleted":"0", "process_failed_to_decrypt":"0", "process_pending_decryption":"0", "process_success":"63", "total":"63"}}
{"logTime": "0331/133237", "correlationVector":"tIFSGj4NR+E+REDy/m1SA3.4","action":"ProcessGetUpdates", "result":"Done", "context":{"dataType":"Sessions", "deleted":"59", "process_failed_to_decrypt":"0", "process_pending_decryption":"0", "process_success":"70", "total":"70"}}
{"logTime": "0331/133237", "correlationVector":"tIFSGj4NR+E+REDy/m1SA3.5","action":"ProcessGetUpdates", "result":"Done", "context":{"dataType":"Edge Hub App Usage", "deleted":"8", "process_failed_to_decrypt":"0", "process_pending_decryption":"0", "process_success":"10", "total":"10"}}
{"logTime": "0331/133237", "correlationVector":"tIFSGj4NR+E+REDy/m1SA3.6","action":"ProcessGetUpdates", "result":"Done", "context":{"dataType":"Edge Tab Group", "deleted":"2", "process_failed_to_decrypt":"0", "process_pending_decryption":"0", "process_success":"3", "total":"3"}}
{"logTime": "0331/133237", "correlationVector":"tIFSGj4NR+E+REDy/m1SA3.7","action":"GetUpdates Response", "result":"Success", "context":Received 152 update(s). cV=tIFSGj4NR+E+REDy/m1SA3.0;server=akswtt01100001x;cloudType=Consumer;environment=Prod_southindia_prod-s01-004-apac-southindia;migrationStage=NotStarted}
{"logTime": "0331/133237", "correlationVector":"0LlsjV6+yTls9EN2ZjAaWq","action":"Initial GetUpdates", "result":"", "context":Reason: NEWLY_SUPPORTED_DATATYPE. cV=0LlsjV6+yTls9EN2ZjAaWq}
{"logTime": "0331/133238", "correlationVector":"0LlsjV6+yTls9EN2ZjAaWq.1","action":"SyncServerConnectionManagerRequest", "result":"SYNC_SERVER_OK", "context":{"environment":"Prod_southindia_prod-s01-004-apac-southindia", "migrationStage":"NotStarted", "server":"akswtt01100001h"}}
{"logTime": "0331/133238", "correlationVector":"0LlsjV6+yTls9EN2ZjAaWq.2","action":"ProcessGetUpdates", "result":"Done", "context":{"dataType":"History", "deleted":"0", "process_failed_to_decrypt":"0", "process_pending_decryption":"0", "process_success":"250", "total":"250"}}
{"logTime": "0331/133238", "correlationVector":"0LlsjV6+yTls9EN2ZjAaWq.3","action":"GetUpdates Response", "result":"Success", "context":Received 250 update(s). cV=0LlsjV6+yTls9EN2ZjAaWq.0;server=akswtt01100001h;cloudType=Consumer;environment=Prod_southindia_prod-s01-004-apac-southindia;migrationStage=NotStarted Some updates remain.}
{"logTime": "0331/133238", "correlationVector":"/P7vTooe8GTBF5FHWjbNNE","action":"Initial GetUpdates", "result":"", "context":Reason: NEWLY_SUPPORTED_DATATYPE. cV=/P7vTooe8GTBF5FHWjbNNE}
{"logTime": "0331/133239", "correlationVector":"/P7vTooe8GTBF5FHWjbNNE.1","action":"SyncServerConnectionManagerRequest", "result":"SYNC_SERVER_OK", "context":{"environment":"Prod_southindia_prod-s01-004-apac-southindia", "migrationStage":"NotStarted", "server":"akswtt01100000j"}}
{"logTime": "0331/133239", "correlationVector":"/P7vTooe8GTBF5FHWjbNNE.2","action":"ProcessGetUpdates", "result":"Done", "context":{"dataType":"History", "deleted":"0", "process_failed_to_decrypt":"0", "process_pending_decryption":"0", "process_success":"250", "total":"250"}}
{"logTime": "0331/133239", "correlationVector":"/P7vTooe8GTBF5FHWjbNNE.3","action":"GetUpdates Response", "result":"Success", "context":Received 250 update(s). cV=/P7vTooe8GTBF5FHWjbNNE.0;server=akswtt01100000j;cloudType=Consumer;environment=Prod_southindia_prod-s01-004-apac-southindia;migrationStage=NotStarted Some updates remain.}
{"logTime": "0331/133239", "correlationVector":"Mp6RNviAK6otpn8gdRNZcJ","action":"Initial GetUpdates", "result":"", "context":Reason: NEWLY_SUPPORTED_DATATYPE. cV=Mp6RNviAK6otpn8gdRNZcJ}
{"logTime": "0331/133240", "correlationVector":"Mp6RNviAK6otpn8gdRNZcJ.1","action":"SyncServerConnectionManagerRequest", "result":"SYNC_SERVER_OK", "context":{"environment":"Prod_southindia_prod-s01-004-apac-southindia", "migrationStage":"NotStarted", "server":"akswtt01100000j"}}
{"logTime": "0331/133240", "correlationVector":"Mp6RNviAK6otpn8gdRNZcJ.2","action":"ProcessGetUpdates", "result":"Done", "context":{"dataType":"History", "deleted":"0", "process_failed_to_decrypt":"0", "process_pending_decryption":"0", "process_success":"73", "total":"73"}}
{"logTime": "0331/133240", "correlationVector":"Mp6RNviAK6otpn8gdRNZcJ.3","action":"GetUpdates Response", "result":"Success", "context":Received 73 update(s). cV=Mp6RNviAK6otpn8gdRNZcJ.0;server=akswtt01100000j;cloudType=Consumer;environment=Prod_southindia_prod-s01-004-apac-southindia;migrationStage=NotStarted}
{"logTime": "0331/133240", "correlationVector":"zSybuUn2BUs+ihUL3KMz9d","action":"Normal GetUpdate request", "result":"", "context":cV=zSybuUn2BUs+ihUL3KMz9d
Nudged types: Preferences, Sessions, Device Info, User Consents
Refresh requested types: Bookmarks, Preferences, Passwords, Autofill Profiles, Autofill, Extensions, Sessions, Extension settings, History Delete Directives, Device Info, User Consents, Send Tab To Self, Web Apps, History, Collection, Edge E Drop, Edge Hub App Usage, Edge Tab Group, Edge Wallet, Encryption Keys}
{"logTime": "0331/133240", "correlationVector":"zSybuUn2BUs+ihUL3KMz9d.1","action":"SyncServerConnectionManagerRequest", "result":"SYNC_SERVER_OK", "context":{"environment":"Prod_southindia_prod-s01-004-apac-southindia", "migrationStage":"NotStarted", "server":"akswtt01100001h"}}
{"logTime": "0331/133240", "correlationVector":"zSybuUn2BUs+ihUL3KMz9d.2","action":"GetUpdates Response", "result":"Success", "context":Received 0 update(s). cV=zSybuUn2BUs+ihUL3KMz9d.0;server=akswtt01100001h;cloudType=Consumer;environment=Prod_southindia_prod-s01-004-apac-southindia;migrationStage=NotStarted}
{"logTime": "0331/133242", "correlationVector":"y9KtCpSBooxbFLS5M5ztxj","action":"Commit Request", "result":"", "context":Item count: 6
Contributing types: Preferences, Sessions, Device Info, User Consents}
{"logTime": "0331/133243", "correlationVector":"y9KtCpSBooxbFLS5M5ztxj.1","action":"SyncServerConnectionManagerRequest", "result":"SYNC_SERVER_OK", "context":{"environment":"Prod_southindia_prod-s01-004-apac-southindia", "migrationStage":"NotStarted", "server":"akswtt01100000l"}}
{"logTime": "0331/133243", "correlationVector":"y9KtCpSBooxbFLS5M5ztxj.2","action":"Commit Response", "result":"Success", "context":Result: Success. cV=y9KtCpSBooxbFLS5M5ztxj.0;server=akswtt01100000l;cloudType=Consumer;environment=Prod_southindia_prod-s01-004-apac-southindia;migrationStage=NotStarted}
{"logTime": "0331/133250", "correlationVector":"GGsuu/9sszY2Hd1SYcjdv8","action":"Commit Request", "result":"", "context":Item count: 1
Contributing types: Edge Hub App Usage}
{"logTime": "0331/133251", "correlationVector":"GGsuu/9sszY2Hd1SYcjdv8.1","action":"SyncServerConnectionManagerRequest", "result":"SYNC_SERVER_OK", "context":{"environment":"Prod_southindia_prod-s01-004-apac-southindia", "migrationStage":"NotStarted", "server":"akswtt01100001j"}}
{"logTime": "0331/133251", "correlationVector":"GGsuu/9sszY2Hd1SYcjdv8.2","action":"Commit Response", "result":"Success", "context":Result: Success. cV=GGsuu/9sszY2Hd1SYcjdv8.0;server=akswtt01100001j;cloudType=Consumer;environment=Prod_southindia_prod-s01-004-apac-southindia;migrationStage=NotStarted}
{"logTime": "0331/133351", "correlationVector":"ynr4EggXe/MMqjJ7F4zHIy","action":"Commit Request", "result":"", "context":Item count: 4
Contributing types: Sessions, History}
{"logTime": "0331/133352", "correlationVector":"ynr4EggXe/MMqjJ7F4zHIy.1","action":"SyncServerConnectionManagerRequest", "result":"SYNC_SERVER_OK", "context":{"environment":"Prod_southindia_prod-s01-004-apac-southindia", "migrationStage":"NotStarted", "server":"akswtt01100002j"}}
{"logTime": "0331/133352", "correlationVector":"ynr4EggXe/MMqjJ7F4zHIy.2","action":"Commit Response", "result":"Success", "context":Result: Success. cV=ynr4EggXe/MMqjJ7F4zHIy.0;server=akswtt01100002j;cloudType=Consumer;environment=Prod_southindia_prod-s01-004-apac-southindia;migrationStage=NotStarted}
{"logTime": "0331/133901", "correlationVector":"6Rc3zboNw5xk7lkCn3WaI4.1","action":"SyncServerConnectionManagerRequest", "result":"SYNC_SERVER_OK", "context":{"environment":"Prod_southindia_prod-s01-004-apac-southindia", "migrationStage":"NotStarted", "server":"akswtt01100002i"}}
{"logTime": "0331/133901", "correlationVector":"6Rc3zboNw5xk7lkCn3WaI4.2","action":"ProcessGetUpdates", "result":"Done", "context":{"dataType":"Encryption Keys", "deleted":"0", "process_failed_to_decrypt":"0", "process_pending_decryption":"0", "process_success":"1", "total":"1"}}
{"logTime": "0331/133906", "correlationVector":"eLwL+f64DUEJcM6Amj+6FK","action":"SyncServerConnectionManagerRequest", "result":"SYNC_SERVER_OK", "context":{"environment":"", "migrationStage":"", "server":""}}
{"logTime": "0331/133906", "correlationVector":"eLwL+f64DUEJcM6Amj+6FK.0","action":"EncryptionKeysFetcher.DownloadKeys:", "result":"Success", "context":Key count: 5, Last key timestamp: 2024-11-19T13:02:52Z}
{"logTime": "0331/133906", "correlationVector":"eLwL+f64DUEJcM6Amj+6FK.1","action":"EncryptionKeysManager::SetEncryptionKeys:", "result":"Success", "context":Key names[5]:[IOgIgwyLRcgJWkVcCWVBBReIv6PGm9Vtju5UxolMND3OglkLJYlEeXuE1VdYnwQUQiJazaemy+ypvzS5H6ziPA==][lMI1izc1gPMbFttqR48UO16rhdP9qiTlwjeeXu17EOhaJkHXHieLjM+k7nn6ZNrqSZxm4D3rf6ySAMX+fxGMww==][UZ6NG6v4/whRpqHAm68d21Aoyy+DnrT+s2C+JHs2XCRrugaAbBR23I3eWPz+dw+mLrZdRa9z9QWhZMVlchZQ+w==][2Dem6ncFHKelm23xQ6qDEErbhYMUjHJhFIrCggf1qea7WVHoN75zgHxZlwDJWlky+kmRbZfI2WAbMLhSAuAFjQ==][xsQ787NCNrdc/hmDfNs268/HgfyOtQOgdhxon5BdkPdtMh3VSpmV3ea2CJp5ynNviSuyDKL92LmgNsNNIAYgOA==]}
{"logTime": "0331/133906", "correlationVector":"eLwL+f64DUEJcM6Amj+6FK.2","action":"EncryptionKeysManager::SetEncryptionKeysWithTimestamps:", "result":"Success", "context":Key timestamps[5]:[2020-12-23T03:42:12Z][2023-05-27T14:30:12Z][2023-11-24T23:25:29Z][2024-05-23T07:36:38Z][2024-11-19T13:02:52Z]}
{"logTime": "0331/133906", "correlationVector":"6Rc3zboNw5xk7lkCn3WaI4","action":"Initial GetUpdates", "result":"", "context":Reason: NEW_CLIENT. cV=6Rc3zboNw5xk7lkCn3WaI4}
{"logTime": "0331/133906", "correlationVector":"6Rc3zboNw5xk7lkCn3WaI4.3","action":"GetUpdates Response", "result":"Success", "context":Received 1 update(s). cV=6Rc3zboNw5xk7lkCn3WaI4.0;server=akswtt01100002i;cloudType=Consumer;environment=Prod_southindia_prod-s01-004-apac-southindia;migrationStage=NotStarted}
{"logTime": "0331/133906", "correlationVector":"9ceJQzz0YtiytsZ472eQfM","action":"Initial GetUpdates", "result":"", "context":Reason: NEWLY_SUPPORTED_DATATYPE. cV=9ceJQzz0YtiytsZ472eQfM}
{"logTime": "0331/133913", "correlationVector":"9ceJQzz0YtiytsZ472eQfM.1","action":"SyncServerConnectionManagerRequest", "result":"SYNC_SERVER_OK", "context":{"environment":"Prod_southindia_prod-s01-004-apac-southindia", "migrationStage":"NotStarted", "server":"akswtt01100000z"}}
{"logTime": "0331/133913", "correlationVector":"9ceJQzz0YtiytsZ472eQfM.2","action":"ProcessGetUpdates", "result":"Done", "context":{"dataType":"Passwords", "deleted":"0", "process_failed_to_decrypt":"0", "process_pending_decryption":"0", "process_success":"24", "total":"24"}}
{"logTime": "0331/133913", "correlationVector":"9ceJQzz0YtiytsZ472eQfM.3","action":"GetUpdates Response", "result":"Success", "context":Received 24 update(s). cV=9ceJQzz0YtiytsZ472eQfM.0;server=akswtt01100000z;cloudType=Consumer;environment=Prod_southindia_prod-s01-004-apac-southindia;migrationStage=NotStarted}
{"logTime": "0331/133913", "correlationVector":"a43jsxLhAmNtk92RpNL2lt","action":"Normal GetUpdate request", "result":"", "context":cV=a43jsxLhAmNtk92RpNL2lt
Nudged types: Sessions, History
Refresh requested types: Bookmarks, Preferences, Passwords, Autofill Profiles, Autofill, Extensions, Sessions, Extension settings, History Delete Directives, Device Info, User Consents, Send Tab To Self, Web Apps, History, Collection, Edge E Drop, Edge Hub App Usage, Edge Tab Group, Edge Wallet, Encryption Keys}
{"logTime": "0331/133913", "correlationVector":"a43jsxLhAmNtk92RpNL2lt.1","action":"SyncServerConnectionManagerRequest", "result":"SYNC_SERVER_OK", "context":{"environment":"Prod_southindia_prod-s01-004-apac-southindia", "migrationStage":"NotStarted", "server":"akswtt01100002u"}}
{"logTime": "0331/133913", "correlationVector":"a43jsxLhAmNtk92RpNL2lt.2","action":"ProcessGetUpdates", "result":"Done", "context":{"dataType":"Preferences", "deleted":"0", "process_failed_to_decrypt":"0", "process_pending_decryption":"0", "process_success":"1", "total":"1"}}
{"logTime": "0331/133913", "correlationVector":"a43jsxLhAmNtk92RpNL2lt.3","action":"ProcessGetUpdates", "result":"Done", "context":{"dataType":"Sessions", "deleted":"0", "process_failed_to_decrypt":"0", "process_pending_decryption":"0", "process_success":"3", "total":"3"}}
{"logTime": "0331/133913", "correlationVector":"a43jsxLhAmNtk92RpNL2lt.4","action":"ProcessGetUpdates", "result":"Done", "context":{"dataType":"Device Info", "deleted":"0", "process_failed_to_decrypt":"0", "process_pending_decryption":"0", "process_success":"1", "total":"1"}}
{"logTime": "0331/133913", "correlationVector":"a43jsxLhAmNtk92RpNL2lt.5","action":"ProcessGetUpdates", "result":"Done", "context":{"dataType":"History", "deleted":"0", "process_failed_to_decrypt":"0", "process_pending_decryption":"0", "process_success":"3", "total":"3"}}
{"logTime": "0331/133913", "correlationVector":"a43jsxLhAmNtk92RpNL2lt.6","action":"ProcessGetUpdates", "result":"Done", "context":{"dataType":"Edge Hub App Usage", "deleted":"0", "process_failed_to_decrypt":"0", "process_pending_decryption":"0", "process_success":"1", "total":"1"}}
{"logTime": "0331/133913", "correlationVector":"a43jsxLhAmNtk92RpNL2lt.7","action":"GetUpdates Response", "result":"Success", "context":Received 9 update(s). cV=a43jsxLhAmNtk92RpNL2lt.0;server=akswtt01100002u;cloudType=Consumer;environment=Prod_southindia_prod-s01-004-apac-southindia;migrationStage=NotStarted}
{"logTime": "0331/133919", "correlationVector":"3bJ8D30+EUPOVkYLn1q/Na","action":"Commit Request", "result":"", "context":Item count: 9
Contributing types: Sessions, History}
{"logTime": "0331/133920", "correlationVector":"3bJ8D30+EUPOVkYLn1q/Na.1","action":"SyncServerConnectionManagerRequest", "result":"SYNC_SERVER_OK", "context":{"environment":"Prod_southindia_prod-s01-004-apac-southindia", "migrationStage":"NotStarted", "server":"akswtt01100001h"}}
{"logTime": "0331/133920", "correlationVector":"3bJ8D30+EUPOVkYLn1q/Na.2","action":"Commit Response", "result":"Success", "context":Result: Success. cV=3bJ8D30+EUPOVkYLn1q/Na.0;server=akswtt01100001h;cloudType=Consumer;environment=Prod_southindia_prod-s01-004-apac-southindia;migrationStage=NotStarted}
{"logTime": "0331/133922", "correlationVector":"jNuc+n8WkWQOYM1muC+9bE","action":"Commit Request", "result":"", "context":Item count: 1
Contributing types: Preferences}
{"logTime": "0331/133923", "correlationVector":"jNuc+n8WkWQOYM1muC+9bE.1","action":"SyncServerConnectionManagerRequest", "result":"SYNC_SERVER_OK", "context":{"environment":"Prod_southindia_prod-s01-004-apac-southindia", "migrationStage":"NotStarted", "server":"akswtt01100000x"}}
{"logTime": "0331/133923", "correlationVector":"jNuc+n8WkWQOYM1muC+9bE.2","action":"Commit Response", "result":"Success", "context":Result: Success. cV=jNuc+n8WkWQOYM1muC+9bE.0;server=akswtt01100000x;cloudType=Consumer;environment=Prod_southindia_prod-s01-004-apac-southindia;migrationStage=NotStarted}
{"logTime": "0331/134033", "correlationVector":"uMxWLZTGZbobQQzS34zepx","action":"Commit Request", "result":"", "context":Item count: 7
Contributing types: Sessions, History}
{"logTime": "0331/134035", "correlationVector":"uMxWLZTGZbobQQzS34zepx.1","action":"SyncServerConnectionManagerRequest", "result":"SYNC_SERVER_OK", "context":{"environment":"Prod_southindia_prod-s01-004-apac-southindia", "migrationStage":"NotStarted", "server":"akswtt011000021"}}
{"logTime": "0331/134035", "correlationVector":"uMxWLZTGZbobQQzS34zepx.3","action":"Commit.Sessions", "result":"Success", "context":{"id":"1fd3a42b-0524-4449-9891-da857b432300", "isDeleted":"true", "size":"0", "version":"1743428360969"}}
{"logTime": "0331/134035", "correlationVector":"uMxWLZTGZbobQQzS34zepx.2","action":"Commit Response", "result":"Success", "context":Result: Success. cV=uMxWLZTGZbobQQzS34zepx.0;server=akswtt011000021;cloudType=Consumer;environment=Prod_southindia_prod-s01-004-apac-southindia;migrationStage=NotStarted}
{"logTime": "0331/134650", "correlationVector":"erclHsn1in/rk+SAYhSSgo","action":"Normal GetUpdate request", "result":"", "context":cV=erclHsn1in/rk+SAYhSSgo
Notified types: History}
{"logTime": "0331/134651", "correlationVector":"erclHsn1in/rk+SAYhSSgo.1","action":"SyncServerConnectionManagerRequest", "result":"SYNC_SERVER_OK", "context":{"environment":"Prod_southindia_prod-s01-004-apac-southindia", "migrationStage":"NotStarted", "server":"akswtt01100001j"}}
{"logTime": "0331/134651", "correlationVector":"erclHsn1in/rk+SAYhSSgo.2","action":"ProcessGetUpdates", "result":"Done", "context":{"dataType":"Preferences", "deleted":"0", "process_failed_to_decrypt":"0", "process_pending_decryption":"0", "process_success":"1", "total":"1"}}
{"logTime": "0331/134651", "correlationVector":"erclHsn1in/rk+SAYhSSgo.3","action":"ProcessGetUpdates", "result":"Done", "context":{"dataType":"Sessions", "deleted":"1", "process_failed_to_decrypt":"0", "process_pending_decryption":"0", "process_success":"4", "total":"4"}}
{"logTime": "0331/134651", "correlationVector":"erclHsn1in/rk+SAYhSSgo.4","action":"ProcessGetUpdates", "result":"Done", "context":{"dataType":"History", "deleted":"0", "process_failed_to_decrypt":"0", "process_pending_decryption":"0", "process_success":"12", "total":"12"}}
{"logTime": "0331/134651", "correlationVector":"erclHsn1in/rk+SAYhSSgo.5","action":"GetUpdates Response", "result":"Success", "context":Received 17 update(s). cV=erclHsn1in/rk+SAYhSSgo.0;server=akswtt01100001j;cloudType=Consumer;environment=Prod_southindia_prod-s01-004-apac-southindia;migrationStage=NotStarted}
{"logTime": "0331/134652", "correlationVector":"7GZCMTmXeo6A3UVXXUNAiJ","action":"DoCompareDataConsistency requsted types: ", "result":"Bookmarks, Preferences, Passwords, Extensions, Extension settings, History Delete Directives, Send Tab To Self, Web Apps, History, Collection, Edge E Drop, Edge Tab Group, Edge Wallet, Encryption Keys"}
{"logTime": "0331/134652", "correlationVector":"7GZCMTmXeo6A3UVXXUNAiJ.0","action":"CompareDataConsistency result: ", "result":"Compare result: Encryption Keys is consistent. local entities count is: 1 local entities hash is: j7k+jBW69dk0hguZ1thQShCumEI="}
{"logTime": "0331/134652", "correlationVector":"7GZCMTmXeo6A3UVXXUNAiJ.1","action":"CompareDataConsistency result: ", "result":"Compare result: Bookmarks is consistent. local entities count is: 30 local entities hash is: 8rUvOWQiUmOXsUrdaH8IVCiiu8g="}
{"logTime": "0331/134652", "correlationVector":"7GZCMTmXeo6A3UVXXUNAiJ.2","action":"CompareDataConsistency result: ", "result":"Compare result: Preferences is consistent. local entities count is: 88 local entities hash is: z7CaowGw5n7g2MnNU+JohA+Y1Go="}
{"logTime": "0331/134652", "correlationVector":"7GZCMTmXeo6A3UVXXUNAiJ.3","action":"CompareDataConsistency result: ", "result":"Compare result: Extensions is consistent. local entities count is: 0 local entities hash is: "}
{"logTime": "0331/134652", "correlationVector":"7GZCMTmXeo6A3UVXXUNAiJ.4","action":"CompareDataConsistency result: ", "result":"Compare result: Extension settings is consistent. local entities count is: 0 local entities hash is: "}
{"logTime": "0331/134652", "correlationVector":"7GZCMTmXeo6A3UVXXUNAiJ.5","action":"CompareDataConsistency result: ", "result":"Compare result: History Delete Directives is consistent. local entities count is: 0 local entities hash is: "}
{"logTime": "0331/134652", "correlationVector":"7GZCMTmXeo6A3UVXXUNAiJ.6","action":"CompareDataConsistency result: ", "result":"Server did not send this Send Tab To Self local entities count is: 0 local entities hash is: "}
{"logTime": "0331/134652", "correlationVector":"7GZCMTmXeo6A3UVXXUNAiJ.7","action":"CompareDataConsistency result: ", "result":"Compare result: Web Apps is consistent. local entities count is: 0 local entities hash is: "}
{"logTime": "0331/134652", "correlationVector":"7GZCMTmXeo6A3UVXXUNAiJ.8","action":"CompareDataConsistency result: ", "result":"Server did not send this History local entities count is: 0 local entities hash is: "}
{"logTime": "0331/134652", "correlationVector":"7GZCMTmXeo6A3UVXXUNAiJ.9","action":"CompareDataConsistency result: ", "result":"Compare result: Collection is consistent. local entities count is: 0 local entities hash is: "}
{"logTime": "0331/134652", "correlationVector":"7GZCMTmXeo6A3UVXXUNAiJ.10","action":"CompareDataConsistency result: ", "result":"Compare result: Edge E Drop is consistent. local entities count is: 0 local entities hash is: "}
{"logTime": "0331/134652", "correlationVector":"7GZCMTmXeo6A3UVXXUNAiJ.11","action":"CompareDataConsistency result: ", "result":"Compare result: Edge Tab Group is consistent. local entities count is: 1 local entities hash is: NL/1/ejljWIsd/HVthjguAfB6VQ="}
{"logTime": "0331/134652", "correlationVector":"7GZCMTmXeo6A3UVXXUNAiJ.12","action":"CompareDataConsistency result: ", "result":"Compare result: Edge Wallet is consistent. local entities count is: 0 local entities hash is: "}
{"logTime": "0331/134652", "correlationVector":"7GZCMTmXeo6A3UVXXUNAiJ.13","action":"CompareDataConsistency result: ", "result":"Compare result: Passwords is consistent. local entities count is: 24 local entities hash is: AXFrFl0UTyi+N07OnfeoLMOXj1Q="}
{"logTime": "0331/134652", "correlationVector":"","action":"DIAGNOSTIC_REQUEST|v1/diagnosticData/Diagnostic.SendCheckResult()|SUCCESS", "result":""}
{"logTime": "0331/134957", "correlationVector":"ivY1Q2ChJm9CWyMB+FuCkc","action":"Commit Request", "result":"", "context":Item count: 1
Contributing types: Sessions}
{"logTime": "0331/135008", "correlationVector":"ivY1Q2ChJm9CWyMB+FuCkc.1","action":"SyncServerConnectionManagerRequest", "result":"SYNC_SERVER_OK", "context":{"environment":"Prod_southindia_prod-s01-004-apac-southindia", "migrationStage":"NotStarted", "server":"akswtt011000036"}}
{"logTime": "0331/135008", "correlationVector":"ivY1Q2ChJm9CWyMB+FuCkc.2","action":"Commit Response", "result":"Success", "context":Result: Success. cV=ivY1Q2ChJm9CWyMB+FuCkc.0;server=akswtt011000036;cloudType=Consumer;environment=Prod_southindia_prod-s01-004-apac-southindia;migrationStage=NotStarted}
