2025-03-31 10:08:17.664: [INFO][Sync] Reset engine, reason: 8
2025-03-31 10:08:17.664: [INFO][Sync] Stopped: Bookmarks
2025-03-31 10:08:17.664: [INFO][Sync] Stopped: Preferences
2025-03-31 10:08:17.664: [INFO][Sync] Stopped: Passwords
2025-03-31 10:08:17.664: [INFO][Sync] Stopped: Autofill Profiles
2025-03-31 10:08:17.664: [INFO][Sync] Stopped: Autofill
2025-03-31 10:08:17.664: [INFO][Sync] Stopped: Extensions
2025-03-31 10:08:17.664: [INFO][Sync] Stopped: Sessions
2025-03-31 10:08:17.664: [INFO][Sync] Stopped: Extension settings
2025-03-31 10:08:17.664: [INFO][Sync] Stopped: History Delete Directives
2025-03-31 10:08:17.664: [INFO][Sync] Stopped: Device Info
2025-03-31 10:08:17.664: [INFO][Sync] Stopped: User Consents
2025-03-31 10:08:17.664: [INFO][Sync] Stopped: Send Tab To Self
2025-03-31 10:08:17.664: [INFO][Sync] Stopped: Web Apps
2025-03-31 10:08:17.664: [INFO][Sync] Stopped: History
2025-03-31 10:08:17.664: [INFO][Sync] Stopped: Collection
2025-03-31 10:08:17.664: [INFO][Sync] Stopped: Edge E Drop
2025-03-31 10:08:17.664: [INFO][Sync] Stopped: Edge Hub App Usage
2025-03-31 10:08:17.664: [INFO][Sync] Stopped: Edge Tab Group
2025-03-31 10:08:17.664: [INFO][Sync] Stopped: Edge Wallet
2025-03-31 10:08:17.664: [INFO][Sync] SyncState after authenticated was: NotSignedIn
2025-03-31 10:08:17.886: [INFO][Sync] Reset engine, reason: 8
2025-03-31 10:08:17.886: [INFO][Sync] Stopped: Bookmarks
2025-03-31 10:08:17.886: [INFO][Sync] Stopped: Preferences
2025-03-31 10:08:17.886: [INFO][Sync] Stopped: Passwords
2025-03-31 10:08:17.886: [INFO][Sync] Stopped: Autofill Profiles
2025-03-31 10:08:17.886: [INFO][Sync] Stopped: Autofill
2025-03-31 10:08:17.886: [INFO][Sync] Stopped: Extensions
2025-03-31 10:08:17.886: [INFO][Sync] Stopped: Sessions
2025-03-31 10:08:17.886: [INFO][Sync] Stopped: Extension settings
2025-03-31 10:08:17.886: [INFO][Sync] Stopped: History Delete Directives
2025-03-31 10:08:17.886: [INFO][Sync] Stopped: Device Info
2025-03-31 10:08:17.886: [INFO][Sync] Stopped: User Consents
2025-03-31 10:08:17.886: [INFO][Sync] Stopped: Send Tab To Self
2025-03-31 10:08:17.886: [INFO][Sync] Stopped: Web Apps
2025-03-31 10:08:17.886: [INFO][Sync] Stopped: History
2025-03-31 10:08:17.886: [INFO][Sync] Stopped: Collection
2025-03-31 10:08:17.886: [INFO][Sync] Stopped: Edge E Drop
2025-03-31 10:08:17.886: [INFO][Sync] Stopped: Edge Hub App Usage
2025-03-31 10:08:17.886: [INFO][Sync] Stopped: Edge Tab Group
2025-03-31 10:08:17.886: [INFO][Sync] Stopped: Edge Wallet
2025-03-31 10:25:07.354: [INFO][Sync] Reset engine, reason: 0
2025-03-31 13:32:24.409: [INFO][Sync] Reset engine, reason: 8
2025-03-31 13:32:24.409: [INFO][Sync] Stopped: Bookmarks
2025-03-31 13:32:24.409: [INFO][Sync] Stopped: Preferences
2025-03-31 13:32:24.409: [INFO][Sync] Stopped: Passwords
2025-03-31 13:32:24.409: [INFO][Sync] Stopped: Autofill Profiles
2025-03-31 13:32:24.409: [INFO][Sync] Stopped: Autofill
2025-03-31 13:32:24.409: [INFO][Sync] Stopped: Extensions
2025-03-31 13:32:24.409: [INFO][Sync] Stopped: Sessions
2025-03-31 13:32:24.409: [INFO][Sync] Stopped: Extension settings
2025-03-31 13:32:24.409: [INFO][Sync] Stopped: History Delete Directives
2025-03-31 13:32:24.409: [INFO][Sync] Stopped: Device Info
2025-03-31 13:32:24.409: [INFO][Sync] Stopped: User Consents
2025-03-31 13:32:24.409: [INFO][Sync] Stopped: Send Tab To Self
2025-03-31 13:32:24.409: [INFO][Sync] Stopped: Web Apps
2025-03-31 13:32:24.409: [INFO][Sync] Stopped: History
2025-03-31 13:32:24.409: [INFO][Sync] Stopped: Collection
2025-03-31 13:32:24.409: [INFO][Sync] Stopped: Edge E Drop
2025-03-31 13:32:24.409: [INFO][Sync] Stopped: Edge Hub App Usage
2025-03-31 13:32:24.409: [INFO][Sync] Stopped: Edge Tab Group
2025-03-31 13:32:24.409: [INFO][Sync] Stopped: Edge Wallet
2025-03-31 13:32:24.409: [INFO][Sync] SyncState after authenticated was: NotSignedIn
2025-03-31 13:32:24.745: [INFO][Sync] Try to start sync engine
2025-03-31 13:32:24.911: [INFO][SyncManagerImpl::NudgeForInitialDownload] Initial download nudge for Encryption Keys
2025-03-31 13:32:24.911: [INFO][SyncEngineBackend::LoadAndConnectNigoriController] Load and connect Nigori controller
2025-03-31 13:32:24.911: [INFO][SyncEngineBackend::DoInitialize] Control Types added: Encryption Keys
2025-03-31 13:32:24.911: [INFO][SyncManagerImpl::ConfigureSyncer] Types to download: Encryption Keys with reason: 3
2025-03-31 13:32:24.911: [INFO][SyncSchedulerImpl::DoConfigurationSyncCycleJob] Configure job was blocked
2025-03-31 13:32:24.931: [INFO][SyncAuthManager::SetLastAuthError] Current auth error: None
2025-03-31 13:32:24.931: [INFO][SyncAuthManager::EdgeLogTokenErrorState] Token error with: None for account type: MSA
2025-03-31 13:32:24.931: [INFO][Sync] Credentials changed for: EdgeSyncScopeNew
2025-03-31 13:32:30.387: [INFO][SyncAuthManager::SetLastAuthError] Current auth error: None
2025-03-31 13:32:30.387: [INFO][SyncAuthManager::EdgeLogTokenErrorState] Token error with: None for account type: MSA
2025-03-31 13:32:30.387: [INFO][Sync] Credentials changed for: EdgeSyncKeyDataScope
2025-03-31 13:32:30.388: [INFO][SyncEngineBackend::DoUpdateKeyDataCredentials] Update key data credentials
2025-03-31 13:32:30.388: [INFO][SyncEngineBackend::DoUpdateCredentials] Update credentials
2025-03-31 13:32:30.388: [INFO][SyncSchedulerImpl::DoConfigurationSyncCycleJob] Blocked types:  and types to download: Encryption Keys
2025-03-31 13:32:31.547: [INFO][Sync] Started DataTypeManager configuration, reason: 4
2025-03-31 13:32:31.547: [INFO][Sync] Configuring for: Bookmarks, Preferences, Passwords, Autofill Profiles, Autofill, Extensions, Sessions, Extension settings, History Delete Directives, Device Info, User Consents, Send Tab To Self, Web Apps, History, Collection, Edge E Drop, Edge Hub App Usage, Edge Tab Group, Edge Wallet, Encryption Keys, reason: 3, current state: 0
2025-03-31 13:32:31.547: [WARN][Sync] Crypto error data types: Passwords, Autofill Profiles, Autofill
2025-03-31 13:32:31.547: [INFO][Sync] Configure, desired: Bookmarks, Preferences, Extensions, Sessions, Extension settings, History Delete Directives, Device Info, User Consents, Send Tab To Self, Web Apps, History, Collection, Edge E Drop, Edge Hub App Usage, Edge Tab Group, Edge Wallet, Encryption Keys; Allow fail: Passwords, Autofill Profiles, Autofill
2025-03-31 13:32:31.547: [INFO][Sync] Loading: Bookmarks
2025-03-31 13:32:31.547: [INFO][Sync] Loading: Preferences
2025-03-31 13:32:31.547: [INFO][Sync] Loading: Extensions
2025-03-31 13:32:31.547: [INFO][Sync] Loading: Sessions
2025-03-31 13:32:31.547: [INFO][Sync] Loading: Extension settings
2025-03-31 13:32:31.547: [INFO][Sync] Loading: History Delete Directives
2025-03-31 13:32:31.547: [INFO][Sync] Loading: Device Info
2025-03-31 13:32:31.547: [INFO][Sync] Loading: User Consents
2025-03-31 13:32:31.547: [INFO][Sync] Loading: Send Tab To Self
2025-03-31 13:32:31.547: [INFO][Sync] Loading: Web Apps
2025-03-31 13:32:31.547: [INFO][Sync] Loading: History
2025-03-31 13:32:31.547: [INFO][Sync] Loading: Collection
2025-03-31 13:32:31.547: [INFO][Sync] Loading: Edge E Drop
2025-03-31 13:32:31.547: [INFO][Sync] Loading: Edge Hub App Usage
2025-03-31 13:32:31.547: [INFO][Sync] Loading: Edge Tab Group
2025-03-31 13:32:31.547: [INFO][Sync] Loading: Edge Wallet
2025-03-31 13:32:31.551: [INFO][Sync] All data types are ready for configure.
2025-03-31 13:32:33.445: [INFO][Sync] Started DataTypeManager configuration, reason: 5
2025-03-31 13:32:33.445: [INFO][Sync] Configuring for: Bookmarks, Preferences, Passwords, Autofill Profiles, Autofill, Extensions, Sessions, Extension settings, History Delete Directives, Device Info, User Consents, Send Tab To Self, Web Apps, History, Collection, Edge E Drop, Edge Hub App Usage, Edge Tab Group, Edge Wallet, Encryption Keys, reason: 5, current state: 1
2025-03-31 13:32:33.451: [INFO][SyncEngineBackend::DoStartConfiguration] Start configuration
2025-03-31 13:32:33.451: [INFO][SyncManagerImpl::NudgeForInitialDownload] Initial download nudge for Bookmarks
2025-03-31 13:32:33.451: [INFO][SyncManagerImpl::NudgeForInitialDownload] Initial download nudge for Preferences
2025-03-31 13:32:33.451: [INFO][SyncManagerImpl::NudgeForInitialDownload] Initial download nudge for Extensions
2025-03-31 13:32:33.451: [INFO][SyncManagerImpl::NudgeForInitialDownload] Initial download nudge for Sessions
2025-03-31 13:32:33.451: [INFO][SyncManagerImpl::NudgeForInitialDownload] Initial download nudge for Extension settings
2025-03-31 13:32:33.451: [INFO][SyncManagerImpl::NudgeForInitialDownload] Initial download nudge for History Delete Directives
2025-03-31 13:32:33.451: [INFO][SyncManagerImpl::NudgeForInitialDownload] Initial download nudge for Device Info
2025-03-31 13:32:33.451: [INFO][SyncManagerImpl::NudgeForInitialDownload] Initial download nudge for Send Tab To Self
2025-03-31 13:32:33.451: [INFO][SyncManagerImpl::NudgeForInitialDownload] Initial download nudge for Web Apps
2025-03-31 13:32:33.451: [INFO][SyncManagerImpl::NudgeForInitialDownload] Initial download nudge for History
2025-03-31 13:32:33.451: [INFO][SyncManagerImpl::NudgeForInitialDownload] Initial download nudge for Collection
2025-03-31 13:32:33.451: [INFO][SyncManagerImpl::NudgeForInitialDownload] Initial download nudge for Edge E Drop
2025-03-31 13:32:33.451: [INFO][SyncManagerImpl::NudgeForInitialDownload] Initial download nudge for Edge Hub App Usage
2025-03-31 13:32:33.451: [INFO][SyncManagerImpl::NudgeForInitialDownload] Initial download nudge for Edge Tab Group
2025-03-31 13:32:33.451: [INFO][SyncManagerImpl::NudgeForInitialDownload] Initial download nudge for Edge Wallet
2025-03-31 13:32:33.451: [INFO][SyncManagerImpl::ConfigureSyncer] Types to download:  with reason: 3
2025-03-31 13:32:33.451: [INFO][SyncEngineBackend::DoFinishConfigureDataTypes] Failed to download types:  and succeeded types: 
2025-03-31 13:32:33.453: [INFO][Sync] ConfigurationDone, failed: , succeeded: , remaining count: 4
2025-03-31 13:32:33.453: [WARN][Sync]     Reconfigure requested while configuration ongoing.
2025-03-31 13:32:33.453: [INFO][Sync] Configuring for: Bookmarks, Preferences, Passwords, Autofill Profiles, Autofill, Extensions, Sessions, Extension settings, History Delete Directives, Device Info, User Consents, Send Tab To Self, Web Apps, History, Collection, Edge E Drop, Edge Hub App Usage, Edge Tab Group, Edge Wallet, Encryption Keys, reason: 5, current state: 2
2025-03-31 13:32:33.453: [INFO][Sync] Configure, desired: Bookmarks, Preferences, Passwords, Autofill Profiles, Autofill, Extensions, Sessions, Extension settings, History Delete Directives, Device Info, User Consents, Send Tab To Self, Web Apps, History, Collection, Edge E Drop, Edge Hub App Usage, Edge Tab Group, Edge Wallet, Encryption Keys; Allow fail: 
2025-03-31 13:32:33.453: [INFO][Sync] Loading: Passwords
2025-03-31 13:32:33.453: [INFO][Sync] Loading: Autofill Profiles
2025-03-31 13:32:33.453: [INFO][Sync] Loading: Autofill
2025-03-31 13:32:34.021: [INFO][Sync] All data types are ready for configure.
2025-03-31 13:32:34.021: [INFO][SyncManagerImpl::NudgeForInitialDownload] Initial download nudge for Passwords
2025-03-31 13:32:34.021: [INFO][SyncManagerImpl::NudgeForInitialDownload] Initial download nudge for Autofill Profiles
2025-03-31 13:32:34.021: [INFO][SyncManagerImpl::NudgeForInitialDownload] Initial download nudge for Autofill
2025-03-31 13:32:34.021: [INFO][SyncManagerImpl::ConfigureSyncer] Types to download:  with reason: 5
2025-03-31 13:32:34.021: [INFO][SyncEngineBackend::DoFinishConfigureDataTypes] Failed to download types:  and succeeded types: 
2025-03-31 13:32:34.021: [INFO][Sync] ConfigurationDone, failed: , succeeded: , remaining count: 4
2025-03-31 13:32:34.021: [INFO][Sync] Prepare to configure types: Preferences, Passwords, Device Info, Send Tab To Self, Edge E Drop, Encryption Keys
2025-03-31 13:32:34.021: [INFO][SyncManagerImpl::ConfigureSyncer] Types to download: Preferences, Passwords, Device Info, Send Tab To Self, Edge E Drop, Encryption Keys with reason: 5
2025-03-31 13:32:34.021: [INFO][SyncSchedulerImpl::DoConfigurationSyncCycleJob] Blocked types:  and types to download: Preferences, Passwords, Device Info, Send Tab To Self, Edge E Drop, Encryption Keys
2025-03-31 13:32:36.277: [INFO][SyncEngineBackend::DoFinishConfigureDataTypes] Failed to download types:  and succeeded types: Preferences, Passwords, Device Info, Send Tab To Self, Edge E Drop, Encryption Keys
2025-03-31 13:32:36.277: [INFO][Sync] ConfigurationDone, failed: , succeeded: Preferences, Passwords, Device Info, Send Tab To Self, Edge E Drop, Encryption Keys, remaining count: 3
2025-03-31 13:32:36.277: [INFO][Sync] Prepare to configure types: Bookmarks, Encryption Keys
2025-03-31 13:32:36.277: [INFO][SyncManagerImpl::ConfigureSyncer] Types to download: Bookmarks, Encryption Keys with reason: 5
2025-03-31 13:32:36.277: [INFO][SyncSchedulerImpl::DoConfigurationSyncCycleJob] Blocked types:  and types to download: Bookmarks, Encryption Keys
2025-03-31 13:32:36.896: [INFO][SyncEngineBackend::DoFinishConfigureDataTypes] Failed to download types:  and succeeded types: Bookmarks, Encryption Keys
2025-03-31 13:32:36.897: [INFO][Sync] ConfigurationDone, failed: , succeeded: Bookmarks, Encryption Keys, remaining count: 2
2025-03-31 13:32:36.897: [INFO][Sync] Prepare to configure types: Autofill Profiles, Autofill, Extensions, Sessions, Extension settings, History Delete Directives, Web Apps, Collection, Edge Hub App Usage, Edge Tab Group, Edge Wallet, Encryption Keys
2025-03-31 13:32:36.897: [INFO][SyncManagerImpl::ConfigureSyncer] Types to download: Autofill Profiles, Autofill, Extensions, Sessions, Extension settings, History Delete Directives, Web Apps, Collection, Edge Hub App Usage, Edge Tab Group, Edge Wallet, Encryption Keys with reason: 5
2025-03-31 13:32:36.897: [INFO][SyncSchedulerImpl::DoConfigurationSyncCycleJob] Blocked types:  and types to download: Autofill Profiles, Autofill, Extensions, Sessions, Extension settings, History Delete Directives, Web Apps, Collection, Edge Hub App Usage, Edge Tab Group, Edge Wallet, Encryption Keys
2025-03-31 13:32:37.749: [INFO][SyncEngineBackend::DoFinishConfigureDataTypes] Failed to download types:  and succeeded types: Autofill Profiles, Autofill, Extensions, Sessions, Extension settings, History Delete Directives, Web Apps, Collection, Edge Hub App Usage, Edge Tab Group, Edge Wallet, Encryption Keys
2025-03-31 13:32:37.750: [INFO][Sync] ConfigurationDone, failed: , succeeded: Autofill Profiles, Autofill, Extensions, Sessions, Extension settings, History Delete Directives, Web Apps, Collection, Edge Hub App Usage, Edge Tab Group, Edge Wallet, Encryption Keys, remaining count: 1
2025-03-31 13:32:37.751: [INFO][Sync] Prepare to configure types: History, Encryption Keys
2025-03-31 13:32:37.751: [INFO][SyncManagerImpl::ConfigureSyncer] Types to download: History, Encryption Keys with reason: 5
2025-03-31 13:32:37.751: [INFO][SyncSchedulerImpl::DoConfigurationSyncCycleJob] Blocked types:  and types to download: History, Encryption Keys
2025-03-31 13:32:40.308: [INFO][SyncEngineBackend::DoFinishConfigureDataTypes] Failed to download types:  and succeeded types: History, Encryption Keys
2025-03-31 13:32:40.310: [INFO][Sync] ConfigurationDone, failed: , succeeded: History, Encryption Keys, remaining count: 0
2025-03-31 13:32:40.311: [INFO][Sync]     Configuration completed, state: 7
2025-03-31 13:32:40.311: [INFO][Sync] Configured DataTypeManager: Ok
2025-03-31 13:32:40.312: [INFO][SyncEngineBackend::DoStartSyncing] Start syncing
2025-03-31 13:37:53.997: [INFO][Sync] Reset engine, reason: 0
2025-03-31 13:37:53.997: [INFO][Sync] Reset engine with reason: 0
2025-03-31 13:38:57.047: [INFO][Sync] SyncState after authenticated was: FeatureCanStart
2025-03-31 13:39:00.481: [INFO][Sync] Try to start sync engine
2025-03-31 13:39:00.481: [INFO][SyncManagerImpl::NudgeForInitialDownload] Initial download nudge for Encryption Keys
2025-03-31 13:39:00.482: [INFO][SyncEngineBackend::LoadAndConnectNigoriController] Load and connect Nigori controller
2025-03-31 13:39:00.482: [INFO][SyncEngineBackend::DoInitialize] Control Types added: Encryption Keys
2025-03-31 13:39:00.482: [INFO][SyncManagerImpl::ConfigureSyncer] Types to download: Encryption Keys with reason: 3
2025-03-31 13:39:00.482: [INFO][SyncSchedulerImpl::DoConfigurationSyncCycleJob] Configure job was blocked
2025-03-31 13:39:00.502: [INFO][SyncAuthManager::SetLastAuthError] Current auth error: None
2025-03-31 13:39:00.502: [INFO][SyncAuthManager::EdgeLogTokenErrorState] Token error with: None for account type: MSA
2025-03-31 13:39:00.502: [INFO][Sync] Credentials changed for: EdgeSyncScopeNew
2025-03-31 13:39:01.023: [INFO][SyncAuthManager::SetLastAuthError] Current auth error: None
2025-03-31 13:39:01.023: [INFO][SyncAuthManager::EdgeLogTokenErrorState] Token error with: None for account type: MSA
2025-03-31 13:39:01.023: [INFO][Sync] Credentials changed for: EdgeSyncKeyDataScope
2025-03-31 13:39:01.023: [INFO][SyncEngineBackend::DoUpdateKeyDataCredentials] Update key data credentials
2025-03-31 13:39:01.023: [INFO][SyncEngineBackend::DoUpdateCredentials] Update credentials
2025-03-31 13:39:01.024: [INFO][SyncSchedulerImpl::DoConfigurationSyncCycleJob] Blocked types:  and types to download: Encryption Keys
2025-03-31 13:39:02.350: [INFO][Sync] Started DataTypeManager configuration, reason: 4
2025-03-31 13:39:02.350: [INFO][Sync] Configuring for: Bookmarks, Preferences, Passwords, Autofill Profiles, Autofill, Extensions, Sessions, Extension settings, History Delete Directives, Device Info, User Consents, Send Tab To Self, Web Apps, History, Collection, Edge E Drop, Edge Hub App Usage, Edge Tab Group, Edge Wallet, Encryption Keys, reason: 4, current state: 0
2025-03-31 13:39:02.350: [WARN][Sync] Crypto error data types: Passwords, Autofill Profiles, Autofill
2025-03-31 13:39:02.351: [INFO][Sync] Configure, desired: Bookmarks, Preferences, Extensions, Sessions, Extension settings, History Delete Directives, Device Info, User Consents, Send Tab To Self, Web Apps, History, Collection, Edge E Drop, Edge Hub App Usage, Edge Tab Group, Edge Wallet, Encryption Keys; Allow fail: Passwords, Autofill Profiles, Autofill
2025-03-31 13:39:02.351: [INFO][Sync] Loading: Bookmarks
2025-03-31 13:39:02.351: [INFO][Sync] Loading: Preferences
2025-03-31 13:39:02.351: [INFO][Sync] Loading: Extensions
2025-03-31 13:39:02.351: [INFO][Sync] Loading: Sessions
2025-03-31 13:39:02.351: [INFO][Sync] Loading: Extension settings
2025-03-31 13:39:02.351: [INFO][Sync] Loading: History Delete Directives
2025-03-31 13:39:02.351: [INFO][Sync] Loading: Device Info
2025-03-31 13:39:02.351: [INFO][Sync] Loading: User Consents
2025-03-31 13:39:02.351: [INFO][Sync] Loading: Send Tab To Self
2025-03-31 13:39:02.351: [INFO][Sync] Loading: Web Apps
2025-03-31 13:39:02.351: [INFO][Sync] Loading: History
2025-03-31 13:39:02.351: [INFO][Sync] Loading: Collection
2025-03-31 13:39:02.351: [INFO][Sync] Loading: Edge E Drop
2025-03-31 13:39:02.351: [INFO][Sync] Loading: Edge Hub App Usage
2025-03-31 13:39:02.351: [INFO][Sync] Loading: Edge Tab Group
2025-03-31 13:39:02.351: [INFO][Sync] Loading: Edge Wallet
2025-03-31 13:39:02.357: [INFO][Sync] All data types are ready for configure.
2025-03-31 13:39:06.311: [INFO][Sync] Started DataTypeManager configuration, reason: 5
2025-03-31 13:39:06.311: [INFO][Sync] Configuring for: Bookmarks, Preferences, Passwords, Autofill Profiles, Autofill, Extensions, Sessions, Extension settings, History Delete Directives, Device Info, User Consents, Send Tab To Self, Web Apps, History, Collection, Edge E Drop, Edge Hub App Usage, Edge Tab Group, Edge Wallet, Encryption Keys, reason: 5, current state: 1
2025-03-31 13:39:06.315: [INFO][SyncEngineBackend::DoStartConfiguration] Start configuration
2025-03-31 13:39:06.315: [INFO][SyncManagerImpl::ConfigureSyncer] Types to download:  with reason: 4
2025-03-31 13:39:06.315: [INFO][SyncEngineBackend::DoFinishConfigureDataTypes] Failed to download types:  and succeeded types: 
2025-03-31 13:39:06.315: [INFO][Sync] ConfigurationDone, failed: , succeeded: , remaining count: 4
2025-03-31 13:39:06.315: [WARN][Sync]     Reconfigure requested while configuration ongoing.
2025-03-31 13:39:06.315: [INFO][Sync] Configuring for: Bookmarks, Preferences, Passwords, Autofill Profiles, Autofill, Extensions, Sessions, Extension settings, History Delete Directives, Device Info, User Consents, Send Tab To Self, Web Apps, History, Collection, Edge E Drop, Edge Hub App Usage, Edge Tab Group, Edge Wallet, Encryption Keys, reason: 5, current state: 2
2025-03-31 13:39:06.315: [INFO][Sync] Configure, desired: Bookmarks, Preferences, Passwords, Autofill Profiles, Autofill, Extensions, Sessions, Extension settings, History Delete Directives, Device Info, User Consents, Send Tab To Self, Web Apps, History, Collection, Edge E Drop, Edge Hub App Usage, Edge Tab Group, Edge Wallet, Encryption Keys; Allow fail: 
2025-03-31 13:39:06.315: [INFO][Sync] Loading: Passwords
2025-03-31 13:39:06.315: [INFO][Sync] Loading: Autofill Profiles
2025-03-31 13:39:06.315: [INFO][Sync] Loading: Autofill
2025-03-31 13:39:06.315: [INFO][Sync] All data types are ready for configure.
2025-03-31 13:39:06.315: [INFO][SyncManagerImpl::NudgeForInitialDownload] Initial download nudge for Passwords
2025-03-31 13:39:06.315: [INFO][SyncManagerImpl::ConfigureSyncer] Types to download:  with reason: 5
2025-03-31 13:39:06.315: [INFO][SyncEngineBackend::DoFinishConfigureDataTypes] Failed to download types:  and succeeded types: 
2025-03-31 13:39:06.315: [INFO][Sync] ConfigurationDone, failed: , succeeded: , remaining count: 4
2025-03-31 13:39:06.315: [INFO][Sync] Prepare to configure types: Passwords, Encryption Keys
2025-03-31 13:39:06.315: [INFO][SyncManagerImpl::ConfigureSyncer] Types to download: Passwords, Encryption Keys with reason: 5
2025-03-31 13:39:06.315: [INFO][SyncSchedulerImpl::DoConfigurationSyncCycleJob] Blocked types:  and types to download: Passwords, Encryption Keys
2025-03-31 13:39:13.456: [INFO][SyncEngineBackend::DoFinishConfigureDataTypes] Failed to download types:  and succeeded types: Passwords, Encryption Keys
2025-03-31 13:39:13.457: [INFO][Sync] ConfigurationDone, failed: , succeeded: Passwords, Encryption Keys, remaining count: 3
2025-03-31 13:39:13.457: [INFO][SyncManagerImpl::ConfigureSyncer] Types to download:  with reason: 5
2025-03-31 13:39:13.457: [INFO][SyncEngineBackend::DoFinishConfigureDataTypes] Failed to download types:  and succeeded types: 
2025-03-31 13:39:13.457: [INFO][Sync] ConfigurationDone, failed: , succeeded: , remaining count: 2
2025-03-31 13:39:13.457: [INFO][SyncManagerImpl::ConfigureSyncer] Types to download:  with reason: 5
2025-03-31 13:39:13.457: [INFO][SyncEngineBackend::DoFinishConfigureDataTypes] Failed to download types:  and succeeded types: 
2025-03-31 13:39:13.459: [INFO][Sync] ConfigurationDone, failed: , succeeded: , remaining count: 1
2025-03-31 13:39:13.461: [INFO][SyncManagerImpl::ConfigureSyncer] Types to download:  with reason: 5
2025-03-31 13:39:13.461: [INFO][SyncEngineBackend::DoFinishConfigureDataTypes] Failed to download types:  and succeeded types: 
2025-03-31 13:39:13.461: [INFO][Sync] ConfigurationDone, failed: , succeeded: , remaining count: 0
2025-03-31 13:39:13.463: [INFO][Sync]     Configuration completed, state: 7
2025-03-31 13:39:13.463: [INFO][Sync] Configured DataTypeManager: Ok
2025-03-31 13:39:13.465: [INFO][SyncEngineBackend::DoStartSyncing] Start syncing
2025-03-31 13:51:27.389: [INFO][Sync] Reset engine, reason: 0
2025-03-31 13:51:27.389: [INFO][Sync] Reset engine with reason: 0
